The system is: Darwin - 22.4.0 - arm64
Compiling the CXX compiler identification source file "CMakeCXXCompilerId.cpp" succeeded.
Compiler: /Library/Developer/CommandLineTools/usr/bin/c++ 
Build flags: 
Id flags: -c 

The output was:
0


Compilation of the CXX compiler identification source "CMakeCXXCompilerId.cpp" produced "CMakeCXXCompilerId.o"

The CXX compiler identification is AppleClang, found in "/Users/herbert/CLionProjects/final_project/cmake-build-debug/CMakeFiles/3.23.2/CompilerIdCXX/CMakeCXXCompilerId.o"

Detecting CXX compiler ABI info compiled with the following output:
Change Dir: /Users/herbert/CLionProjects/final_project/cmake-build-debug/CMakeFiles/CMakeTmp

Run Build Command(s):/usr/bin/make -f Makefile cmTC_b182d/fast && /Library/Developer/CommandLineTools/usr/bin/make  -f CMakeFiles/cmTC_b182d.dir/build.make CMakeFiles/cmTC_b182d.dir/build
Building CXX object CMakeFiles/cmTC_b182d.dir/CMakeCXXCompilerABI.cpp.o
/Library/Developer/CommandLineTools/usr/bin/c++   -arch arm64 -isysroot /Library/Developer/CommandLineTools/SDKs/MacOSX13.3.sdk   -v -Wl,-v -MD -MT CMakeFiles/cmTC_b182d.dir/CMakeCXXCompilerABI.cpp.o -MF CMakeFiles/cmTC_b182d.dir/CMakeCXXCompilerABI.cpp.o.d -o CMakeFiles/cmTC_b182d.dir/CMakeCXXCompilerABI.cpp.o -c /Applications/CLion.app/Contents/bin/cmake/mac/share/cmake-3.23/Modules/CMakeCXXCompilerABI.cpp
Apple clang version 14.0.3 (clang-1403.0.22.14.1)
Target: arm64-apple-darwin22.4.0
Thread model: posix
InstalledDir: /Library/Developer/CommandLineTools/usr/bin
clang: warning: -Wl,-v: 'linker' input unused [-Wunused-command-line-argument]
 "/Library/Developer/CommandLineTools/usr/bin/clang" -cc1 -triple arm64-apple-macosx13.0.0 -Wundef-prefix=TARGET_OS_ -Wdeprecated-objc-isa-usage -Werror=deprecated-objc-isa-usage -Werror=implicit-function-declaration -emit-obj -mrelax-all --mrelax-relocations -disable-free -clear-ast-before-backend -disable-llvm-verifier -discard-value-names -main-file-name CMakeCXXCompilerABI.cpp -mrelocation-model pic -pic-level 2 -mframe-pointer=non-leaf -fno-strict-return -ffp-contract=on -fno-rounding-math -funwind-tables=1 -fobjc-msgsend-selector-stubs -target-sdk-version=13.3 -fvisibility-inlines-hidden-static-local-var -target-cpu apple-m1 -target-feature +v8.5a -target-feature +crc -target-feature +lse -target-feature +rdm -target-feature +crypto -target-feature +dotprod -target-feature +fp-armv8 -target-feature +neon -target-feature +fp16fml -target-feature +ras -target-feature +rcpc -target-feature +zcm -target-feature +zcz -target-feature +fullfp16 -target-feature +sm4 -target-feature +sha3 -target-feature +sha2 -target-feature +aes -target-abi darwinpcs -fallow-half-arguments-and-returns -mllvm -treat-scalable-fixed-error-as-warning -debugger-tuning=lldb -target-linker-version 857.1 -v -fcoverage-compilation-dir=/Users/herbert/CLionProjects/final_project/cmake-build-debug/CMakeFiles/CMakeTmp -resource-dir /Library/Developer/CommandLineTools/usr/lib/clang/14.0.3 -dependency-file CMakeFiles/cmTC_b182d.dir/CMakeCXXCompilerABI.cpp.o.d -skip-unused-modulemap-deps -MT CMakeFiles/cmTC_b182d.dir/CMakeCXXCompilerABI.cpp.o -sys-header-deps -isysroot /Library/Developer/CommandLineTools/SDKs/MacOSX13.3.sdk -stdlib=libc++ -internal-isystem /Library/Developer/CommandLineTools/SDKs/MacOSX13.3.sdk/usr/include/c++/v1 -internal-isystem /Library/Developer/CommandLineTools/SDKs/MacOSX13.3.sdk/usr/local/include -internal-isystem /Library/Developer/CommandLineTools/usr/lib/clang/14.0.3/include -internal-externc-isystem /Library/Developer/CommandLineTools/SDKs/MacOSX13.3.sdk/usr/include -internal-externc-isystem /Library/Developer/CommandLineTools/usr/include -Wno-reorder-init-list -Wno-implicit-int-float-conversion -Wno-c99-designator -Wno-final-dtor-non-final-class -Wno-extra-semi-stmt -Wno-misleading-indentation -Wno-quoted-include-in-framework-header -Wno-implicit-fallthrough -Wno-enum-enum-conversion -Wno-enum-float-conversion -Wno-elaborated-enum-base -Wno-reserved-identifier -Wno-gnu-folding-constant -fdeprecated-macro -fdebug-compilation-dir=/Users/herbert/CLionProjects/final_project/cmake-build-debug/CMakeFiles/CMakeTmp -ferror-limit 19 -stack-protector 1 -fstack-check -mdarwin-stkchk-strong-link -fblocks -fencode-extended-block-signature -fregister-global-dtors-with-atexit -fgnuc-version=4.2.1 -fno-cxx-modules -no-opaque-pointers -fcxx-exceptions -fexceptions -fmax-type-align=16 -fcommon -clang-vendor-feature=+disableNonDependentMemberExprInCurrentInstantiation -fno-odr-hash-protocols -clang-vendor-feature=+enableAggressiveVLAFolding -clang-vendor-feature=+revert09abecef7bbf -clang-vendor-feature=+thisNoAlignAttr -clang-vendor-feature=+thisNoNullAttr -mllvm -disable-aligned-alloc-awareness=1 -D__GCC_HAVE_DWARF2_CFI_ASM=1 -o CMakeFiles/cmTC_b182d.dir/CMakeCXXCompilerABI.cpp.o -x c++ /Applications/CLion.app/Contents/bin/cmake/mac/share/cmake-3.23/Modules/CMakeCXXCompilerABI.cpp
clang -cc1 version 14.0.3 (clang-1403.0.22.14.1) default target arm64-apple-darwin22.4.0
ignoring nonexistent directory "/Library/Developer/CommandLineTools/SDKs/MacOSX13.3.sdk/usr/local/include"
ignoring nonexistent directory "/Library/Developer/CommandLineTools/SDKs/MacOSX13.3.sdk/Library/Frameworks"
#include "..." search starts here:
#include <...> search starts here:
 /Library/Developer/CommandLineTools/SDKs/MacOSX13.3.sdk/usr/include/c++/v1
 /Library/Developer/CommandLineTools/usr/lib/clang/14.0.3/include
 /Library/Developer/CommandLineTools/SDKs/MacOSX13.3.sdk/usr/include
 /Library/Developer/CommandLineTools/usr/include
 /Library/Developer/CommandLineTools/SDKs/MacOSX13.3.sdk/System/Library/Frameworks (framework directory)
End of search list.
Linking CXX executable cmTC_b182d
/Applications/CLion.app/Contents/bin/cmake/mac/bin/cmake -E cmake_link_script CMakeFiles/cmTC_b182d.dir/link.txt --verbose=1
/Library/Developer/CommandLineTools/usr/bin/c++  -arch arm64 -isysroot /Library/Developer/CommandLineTools/SDKs/MacOSX13.3.sdk -Wl,-search_paths_first -Wl,-headerpad_max_install_names  -v -Wl,-v CMakeFiles/cmTC_b182d.dir/CMakeCXXCompilerABI.cpp.o -o cmTC_b182d 
Apple clang version 14.0.3 (clang-1403.0.22.14.1)
Target: arm64-apple-darwin22.4.0
Thread model: posix
InstalledDir: /Library/Developer/CommandLineTools/usr/bin
 "/Library/Developer/CommandLineTools/usr/bin/ld" -demangle -lto_library /Library/Developer/CommandLineTools/usr/lib/libLTO.dylib -dynamic -arch arm64 -platform_version macos 13.0.0 13.3 -syslibroot /Library/Developer/CommandLineTools/SDKs/MacOSX13.3.sdk -o cmTC_b182d -search_paths_first -headerpad_max_install_names -v CMakeFiles/cmTC_b182d.dir/CMakeCXXCompilerABI.cpp.o -lc++ -lSystem /Library/Developer/CommandLineTools/usr/lib/clang/14.0.3/lib/darwin/libclang_rt.osx.a
@(#)PROGRAM:ld  PROJECT:ld64-857.1
BUILD 16:59:58 Feb 24 2023
configured to support archs: armv6 armv7 armv7s arm64 arm64e arm64_32 i386 x86_64 x86_64h armv6m armv7k armv7m armv7em
Library search paths:
	/Library/Developer/CommandLineTools/SDKs/MacOSX13.3.sdk/usr/lib
Framework search paths:
	/Library/Developer/CommandLineTools/SDKs/MacOSX13.3.sdk/System/Library/Frameworks/



Parsed CXX implicit include dir info from above output: rv=done
  found start of include info
  found start of implicit include info
    add: [/Library/Developer/CommandLineTools/SDKs/MacOSX13.3.sdk/usr/include/c++/v1]
    add: [/Library/Developer/CommandLineTools/usr/lib/clang/14.0.3/include]
    add: [/Library/Developer/CommandLineTools/SDKs/MacOSX13.3.sdk/usr/include]
    add: [/Library/Developer/CommandLineTools/usr/include]
  end of search list found
  collapse include dir [/Library/Developer/CommandLineTools/SDKs/MacOSX13.3.sdk/usr/include/c++/v1] ==> [/Library/Developer/CommandLineTools/SDKs/MacOSX13.3.sdk/usr/include/c++/v1]
  collapse include dir [/Library/Developer/CommandLineTools/usr/lib/clang/14.0.3/include] ==> [/Library/Developer/CommandLineTools/usr/lib/clang/14.0.3/include]
  collapse include dir [/Library/Developer/CommandLineTools/SDKs/MacOSX13.3.sdk/usr/include] ==> [/Library/Developer/CommandLineTools/SDKs/MacOSX13.3.sdk/usr/include]
  collapse include dir [/Library/Developer/CommandLineTools/usr/include] ==> [/Library/Developer/CommandLineTools/usr/include]
  implicit include dirs: [/Library/Developer/CommandLineTools/SDKs/MacOSX13.3.sdk/usr/include/c++/v1;/Library/Developer/CommandLineTools/usr/lib/clang/14.0.3/include;/Library/Developer/CommandLineTools/SDKs/MacOSX13.3.sdk/usr/include;/Library/Developer/CommandLineTools/usr/include]


Parsed CXX implicit link information from above output:
  link line regex: [^( *|.*[/\])(ld|CMAKE_LINK_STARTFILE-NOTFOUND|([^/\]+-)?ld|collect2)[^/\]*( |$)]
  ignore line: [Change Dir: /Users/herbert/CLionProjects/final_project/cmake-build-debug/CMakeFiles/CMakeTmp]
  ignore line: []
  ignore line: [Run Build Command(s):/usr/bin/make -f Makefile cmTC_b182d/fast && /Library/Developer/CommandLineTools/usr/bin/make  -f CMakeFiles/cmTC_b182d.dir/build.make CMakeFiles/cmTC_b182d.dir/build]
  ignore line: [Building CXX object CMakeFiles/cmTC_b182d.dir/CMakeCXXCompilerABI.cpp.o]
  ignore line: [/Library/Developer/CommandLineTools/usr/bin/c++   -arch arm64 -isysroot /Library/Developer/CommandLineTools/SDKs/MacOSX13.3.sdk   -v -Wl -v -MD -MT CMakeFiles/cmTC_b182d.dir/CMakeCXXCompilerABI.cpp.o -MF CMakeFiles/cmTC_b182d.dir/CMakeCXXCompilerABI.cpp.o.d -o CMakeFiles/cmTC_b182d.dir/CMakeCXXCompilerABI.cpp.o -c /Applications/CLion.app/Contents/bin/cmake/mac/share/cmake-3.23/Modules/CMakeCXXCompilerABI.cpp]
  ignore line: [Apple clang version 14.0.3 (clang-1403.0.22.14.1)]
  ignore line: [Target: arm64-apple-darwin22.4.0]
  ignore line: [Thread model: posix]
  ignore line: [InstalledDir: /Library/Developer/CommandLineTools/usr/bin]
  ignore line: [clang: warning: -Wl -v: 'linker' input unused [-Wunused-command-line-argument]]
  ignore line: [ "/Library/Developer/CommandLineTools/usr/bin/clang" -cc1 -triple arm64-apple-macosx13.0.0 -Wundef-prefix=TARGET_OS_ -Wdeprecated-objc-isa-usage -Werror=deprecated-objc-isa-usage -Werror=implicit-function-declaration -emit-obj -mrelax-all --mrelax-relocations -disable-free -clear-ast-before-backend -disable-llvm-verifier -discard-value-names -main-file-name CMakeCXXCompilerABI.cpp -mrelocation-model pic -pic-level 2 -mframe-pointer=non-leaf -fno-strict-return -ffp-contract=on -fno-rounding-math -funwind-tables=1 -fobjc-msgsend-selector-stubs -target-sdk-version=13.3 -fvisibility-inlines-hidden-static-local-var -target-cpu apple-m1 -target-feature +v8.5a -target-feature +crc -target-feature +lse -target-feature +rdm -target-feature +crypto -target-feature +dotprod -target-feature +fp-armv8 -target-feature +neon -target-feature +fp16fml -target-feature +ras -target-feature +rcpc -target-feature +zcm -target-feature +zcz -target-feature +fullfp16 -target-feature +sm4 -target-feature +sha3 -target-feature +sha2 -target-feature +aes -target-abi darwinpcs -fallow-half-arguments-and-returns -mllvm -treat-scalable-fixed-error-as-warning -debugger-tuning=lldb -target-linker-version 857.1 -v -fcoverage-compilation-dir=/Users/herbert/CLionProjects/final_project/cmake-build-debug/CMakeFiles/CMakeTmp -resource-dir /Library/Developer/CommandLineTools/usr/lib/clang/14.0.3 -dependency-file CMakeFiles/cmTC_b182d.dir/CMakeCXXCompilerABI.cpp.o.d -skip-unused-modulemap-deps -MT CMakeFiles/cmTC_b182d.dir/CMakeCXXCompilerABI.cpp.o -sys-header-deps -isysroot /Library/Developer/CommandLineTools/SDKs/MacOSX13.3.sdk -stdlib=libc++ -internal-isystem /Library/Developer/CommandLineTools/SDKs/MacOSX13.3.sdk/usr/include/c++/v1 -internal-isystem /Library/Developer/CommandLineTools/SDKs/MacOSX13.3.sdk/usr/local/include -internal-isystem /Library/Developer/CommandLineTools/usr/lib/clang/14.0.3/include -internal-externc-isystem /Library/Developer/CommandLineTools/SDKs/MacOSX13.3.sdk/usr/include -internal-externc-isystem /Library/Developer/CommandLineTools/usr/include -Wno-reorder-init-list -Wno-implicit-int-float-conversion -Wno-c99-designator -Wno-final-dtor-non-final-class -Wno-extra-semi-stmt -Wno-misleading-indentation -Wno-quoted-include-in-framework-header -Wno-implicit-fallthrough -Wno-enum-enum-conversion -Wno-enum-float-conversion -Wno-elaborated-enum-base -Wno-reserved-identifier -Wno-gnu-folding-constant -fdeprecated-macro -fdebug-compilation-dir=/Users/herbert/CLionProjects/final_project/cmake-build-debug/CMakeFiles/CMakeTmp -ferror-limit 19 -stack-protector 1 -fstack-check -mdarwin-stkchk-strong-link -fblocks -fencode-extended-block-signature -fregister-global-dtors-with-atexit -fgnuc-version=4.2.1 -fno-cxx-modules -no-opaque-pointers -fcxx-exceptions -fexceptions -fmax-type-align=16 -fcommon -clang-vendor-feature=+disableNonDependentMemberExprInCurrentInstantiation -fno-odr-hash-protocols -clang-vendor-feature=+enableAggressiveVLAFolding -clang-vendor-feature=+revert09abecef7bbf -clang-vendor-feature=+thisNoAlignAttr -clang-vendor-feature=+thisNoNullAttr -mllvm -disable-aligned-alloc-awareness=1 -D__GCC_HAVE_DWARF2_CFI_ASM=1 -o CMakeFiles/cmTC_b182d.dir/CMakeCXXCompilerABI.cpp.o -x c++ /Applications/CLion.app/Contents/bin/cmake/mac/share/cmake-3.23/Modules/CMakeCXXCompilerABI.cpp]
  ignore line: [clang -cc1 version 14.0.3 (clang-1403.0.22.14.1) default target arm64-apple-darwin22.4.0]
  ignore line: [ignoring nonexistent directory "/Library/Developer/CommandLineTools/SDKs/MacOSX13.3.sdk/usr/local/include"]
  ignore line: [ignoring nonexistent directory "/Library/Developer/CommandLineTools/SDKs/MacOSX13.3.sdk/Library/Frameworks"]
  ignore line: [#include "..." search starts here:]
  ignore line: [#include <...> search starts here:]
  ignore line: [ /Library/Developer/CommandLineTools/SDKs/MacOSX13.3.sdk/usr/include/c++/v1]
  ignore line: [ /Library/Developer/CommandLineTools/usr/lib/clang/14.0.3/include]
  ignore line: [ /Library/Developer/CommandLineTools/SDKs/MacOSX13.3.sdk/usr/include]
  ignore line: [ /Library/Developer/CommandLineTools/usr/include]
  ignore line: [ /Library/Developer/CommandLineTools/SDKs/MacOSX13.3.sdk/System/Library/Frameworks (framework directory)]
  ignore line: [End of search list.]
  ignore line: [Linking CXX executable cmTC_b182d]
  ignore line: [/Applications/CLion.app/Contents/bin/cmake/mac/bin/cmake -E cmake_link_script CMakeFiles/cmTC_b182d.dir/link.txt --verbose=1]
  ignore line: [/Library/Developer/CommandLineTools/usr/bin/c++  -arch arm64 -isysroot /Library/Developer/CommandLineTools/SDKs/MacOSX13.3.sdk -Wl -search_paths_first -Wl -headerpad_max_install_names  -v -Wl -v CMakeFiles/cmTC_b182d.dir/CMakeCXXCompilerABI.cpp.o -o cmTC_b182d ]
  ignore line: [Apple clang version 14.0.3 (clang-1403.0.22.14.1)]
  ignore line: [Target: arm64-apple-darwin22.4.0]
  ignore line: [Thread model: posix]
  ignore line: [InstalledDir: /Library/Developer/CommandLineTools/usr/bin]
  link line: [ "/Library/Developer/CommandLineTools/usr/bin/ld" -demangle -lto_library /Library/Developer/CommandLineTools/usr/lib/libLTO.dylib -dynamic -arch arm64 -platform_version macos 13.0.0 13.3 -syslibroot /Library/Developer/CommandLineTools/SDKs/MacOSX13.3.sdk -o cmTC_b182d -search_paths_first -headerpad_max_install_names -v CMakeFiles/cmTC_b182d.dir/CMakeCXXCompilerABI.cpp.o -lc++ -lSystem /Library/Developer/CommandLineTools/usr/lib/clang/14.0.3/lib/darwin/libclang_rt.osx.a]
    arg [/Library/Developer/CommandLineTools/usr/bin/ld] ==> ignore
    arg [-demangle] ==> ignore
    arg [-lto_library] ==> ignore, skip following value
    arg [/Library/Developer/CommandLineTools/usr/lib/libLTO.dylib] ==> skip value of -lto_library
    arg [-dynamic] ==> ignore
    arg [-arch] ==> ignore
    arg [arm64] ==> ignore
    arg [-platform_version] ==> ignore
    arg [macos] ==> ignore
    arg [13.0.0] ==> ignore
    arg [13.3] ==> ignore
    arg [-syslibroot] ==> ignore
    arg [/Library/Developer/CommandLineTools/SDKs/MacOSX13.3.sdk] ==> ignore
    arg [-o] ==> ignore
    arg [cmTC_b182d] ==> ignore
    arg [-search_paths_first] ==> ignore
    arg [-headerpad_max_install_names] ==> ignore
    arg [-v] ==> ignore
    arg [CMakeFiles/cmTC_b182d.dir/CMakeCXXCompilerABI.cpp.o] ==> ignore
    arg [-lc++] ==> lib [c++]
    arg [-lSystem] ==> lib [System]
    arg [/Library/Developer/CommandLineTools/usr/lib/clang/14.0.3/lib/darwin/libclang_rt.osx.a] ==> lib [/Library/Developer/CommandLineTools/usr/lib/clang/14.0.3/lib/darwin/libclang_rt.osx.a]
  Library search paths: [;/Library/Developer/CommandLineTools/SDKs/MacOSX13.3.sdk/usr/lib]
  Framework search paths: [;/Library/Developer/CommandLineTools/SDKs/MacOSX13.3.sdk/System/Library/Frameworks/]
  remove lib [System]
  remove lib [/Library/Developer/CommandLineTools/usr/lib/clang/14.0.3/lib/darwin/libclang_rt.osx.a]
  collapse library dir [/Library/Developer/CommandLineTools/SDKs/MacOSX13.3.sdk/usr/lib] ==> [/Library/Developer/CommandLineTools/SDKs/MacOSX13.3.sdk/usr/lib]
  collapse framework dir [/Library/Developer/CommandLineTools/SDKs/MacOSX13.3.sdk/System/Library/Frameworks/] ==> [/Library/Developer/CommandLineTools/SDKs/MacOSX13.3.sdk/System/Library/Frameworks]
  implicit libs: [c++]
  implicit objs: []
  implicit dirs: [/Library/Developer/CommandLineTools/SDKs/MacOSX13.3.sdk/usr/lib]
  implicit fwks: [/Library/Developer/CommandLineTools/SDKs/MacOSX13.3.sdk/System/Library/Frameworks]


Performing C++ SOURCE FILE Test CXXFLAG_WALL_OKAY succeeded with the following output:
Change Dir: /Users/herbert/CLionProjects/final_project/cmake-build-debug/CMakeFiles/CMakeTmp

Run Build Command(s):/usr/bin/make -f Makefile cmTC_66622/fast && /Library/Developer/CommandLineTools/usr/bin/make  -f CMakeFiles/cmTC_66622.dir/build.make CMakeFiles/cmTC_66622.dir/build
Building CXX object CMakeFiles/cmTC_66622.dir/src.cxx.o
/Library/Developer/CommandLineTools/usr/bin/c++ -DCXXFLAG_WALL_OKAY  -arch arm64 -isysroot /Library/Developer/CommandLineTools/SDKs/MacOSX13.3.sdk   -Wall -MD -MT CMakeFiles/cmTC_66622.dir/src.cxx.o -MF CMakeFiles/cmTC_66622.dir/src.cxx.o.d -o CMakeFiles/cmTC_66622.dir/src.cxx.o -c /Users/herbert/CLionProjects/final_project/cmake-build-debug/CMakeFiles/CMakeTmp/src.cxx
Linking CXX executable cmTC_66622
/Applications/CLion.app/Contents/bin/cmake/mac/bin/cmake -E cmake_link_script CMakeFiles/cmTC_66622.dir/link.txt --verbose=1
/Library/Developer/CommandLineTools/usr/bin/c++  -arch arm64 -isysroot /Library/Developer/CommandLineTools/SDKs/MacOSX13.3.sdk -Wl,-search_paths_first -Wl,-headerpad_max_install_names CMakeFiles/cmTC_66622.dir/src.cxx.o -o cmTC_66622 


Source file was:
int main() { return 0; }
Performing C++ SOURCE FILE Test CXXFLAG_WCAST_QUAL_OKAY succeeded with the following output:
Change Dir: /Users/herbert/CLionProjects/final_project/cmake-build-debug/CMakeFiles/CMakeTmp

Run Build Command(s):/usr/bin/make -f Makefile cmTC_641aa/fast && /Library/Developer/CommandLineTools/usr/bin/make  -f CMakeFiles/cmTC_641aa.dir/build.make CMakeFiles/cmTC_641aa.dir/build
Building CXX object CMakeFiles/cmTC_641aa.dir/src.cxx.o
/Library/Developer/CommandLineTools/usr/bin/c++ -DCXXFLAG_WCAST_QUAL_OKAY  -arch arm64 -isysroot /Library/Developer/CommandLineTools/SDKs/MacOSX13.3.sdk   -Wcast-qual -MD -MT CMakeFiles/cmTC_641aa.dir/src.cxx.o -MF CMakeFiles/cmTC_641aa.dir/src.cxx.o.d -o CMakeFiles/cmTC_641aa.dir/src.cxx.o -c /Users/herbert/CLionProjects/final_project/cmake-build-debug/CMakeFiles/CMakeTmp/src.cxx
Linking CXX executable cmTC_641aa
/Applications/CLion.app/Contents/bin/cmake/mac/bin/cmake -E cmake_link_script CMakeFiles/cmTC_641aa.dir/link.txt --verbose=1
/Library/Developer/CommandLineTools/usr/bin/c++  -arch arm64 -isysroot /Library/Developer/CommandLineTools/SDKs/MacOSX13.3.sdk -Wl,-search_paths_first -Wl,-headerpad_max_install_names CMakeFiles/cmTC_641aa.dir/src.cxx.o -o cmTC_641aa 


Source file was:
int main() { return 0; }
Performing C++ SOURCE FILE Test CXXFLAG_WDANGLING_ELSE_OKAY succeeded with the following output:
Change Dir: /Users/herbert/CLionProjects/final_project/cmake-build-debug/CMakeFiles/CMakeTmp

Run Build Command(s):/usr/bin/make -f Makefile cmTC_05866/fast && /Library/Developer/CommandLineTools/usr/bin/make  -f CMakeFiles/cmTC_05866.dir/build.make CMakeFiles/cmTC_05866.dir/build
Building CXX object CMakeFiles/cmTC_05866.dir/src.cxx.o
/Library/Developer/CommandLineTools/usr/bin/c++ -DCXXFLAG_WDANGLING_ELSE_OKAY  -arch arm64 -isysroot /Library/Developer/CommandLineTools/SDKs/MacOSX13.3.sdk   -Wdangling-else -MD -MT CMakeFiles/cmTC_05866.dir/src.cxx.o -MF CMakeFiles/cmTC_05866.dir/src.cxx.o.d -o CMakeFiles/cmTC_05866.dir/src.cxx.o -c /Users/herbert/CLionProjects/final_project/cmake-build-debug/CMakeFiles/CMakeTmp/src.cxx
Linking CXX executable cmTC_05866
/Applications/CLion.app/Contents/bin/cmake/mac/bin/cmake -E cmake_link_script CMakeFiles/cmTC_05866.dir/link.txt --verbose=1
/Library/Developer/CommandLineTools/usr/bin/c++  -arch arm64 -isysroot /Library/Developer/CommandLineTools/SDKs/MacOSX13.3.sdk -Wl,-search_paths_first -Wl,-headerpad_max_install_names CMakeFiles/cmTC_05866.dir/src.cxx.o -o cmTC_05866 


Source file was:
int main() { return 0; }
Performing C++ SOURCE FILE Test CXXFLAG_WNULL_DEREFERENCE_OKAY succeeded with the following output:
Change Dir: /Users/herbert/CLionProjects/final_project/cmake-build-debug/CMakeFiles/CMakeTmp

Run Build Command(s):/usr/bin/make -f Makefile cmTC_3a015/fast && /Library/Developer/CommandLineTools/usr/bin/make  -f CMakeFiles/cmTC_3a015.dir/build.make CMakeFiles/cmTC_3a015.dir/build
Building CXX object CMakeFiles/cmTC_3a015.dir/src.cxx.o
/Library/Developer/CommandLineTools/usr/bin/c++ -DCXXFLAG_WNULL_DEREFERENCE_OKAY  -arch arm64 -isysroot /Library/Developer/CommandLineTools/SDKs/MacOSX13.3.sdk   -Wnull-dereference -MD -MT CMakeFiles/cmTC_3a015.dir/src.cxx.o -MF CMakeFiles/cmTC_3a015.dir/src.cxx.o.d -o CMakeFiles/cmTC_3a015.dir/src.cxx.o -c /Users/herbert/CLionProjects/final_project/cmake-build-debug/CMakeFiles/CMakeTmp/src.cxx
Linking CXX executable cmTC_3a015
/Applications/CLion.app/Contents/bin/cmake/mac/bin/cmake -E cmake_link_script CMakeFiles/cmTC_3a015.dir/link.txt --verbose=1
/Library/Developer/CommandLineTools/usr/bin/c++  -arch arm64 -isysroot /Library/Developer/CommandLineTools/SDKs/MacOSX13.3.sdk -Wl,-search_paths_first -Wl,-headerpad_max_install_names CMakeFiles/cmTC_3a015.dir/src.cxx.o -o cmTC_3a015 


Source file was:
int main() { return 0; }
Performing C++ SOURCE FILE Test CXXFLAG_WTYPE_LIMITS_OKAY succeeded with the following output:
Change Dir: /Users/herbert/CLionProjects/final_project/cmake-build-debug/CMakeFiles/CMakeTmp

Run Build Command(s):/usr/bin/make -f Makefile cmTC_0be51/fast && /Library/Developer/CommandLineTools/usr/bin/make  -f CMakeFiles/cmTC_0be51.dir/build.make CMakeFiles/cmTC_0be51.dir/build
Building CXX object CMakeFiles/cmTC_0be51.dir/src.cxx.o
/Library/Developer/CommandLineTools/usr/bin/c++ -DCXXFLAG_WTYPE_LIMITS_OKAY  -arch arm64 -isysroot /Library/Developer/CommandLineTools/SDKs/MacOSX13.3.sdk   -Wtype-limits -MD -MT CMakeFiles/cmTC_0be51.dir/src.cxx.o -MF CMakeFiles/cmTC_0be51.dir/src.cxx.o.d -o CMakeFiles/cmTC_0be51.dir/src.cxx.o -c /Users/herbert/CLionProjects/final_project/cmake-build-debug/CMakeFiles/CMakeTmp/src.cxx
Linking CXX executable cmTC_0be51
/Applications/CLion.app/Contents/bin/cmake/mac/bin/cmake -E cmake_link_script CMakeFiles/cmTC_0be51.dir/link.txt --verbose=1
/Library/Developer/CommandLineTools/usr/bin/c++  -arch arm64 -isysroot /Library/Developer/CommandLineTools/SDKs/MacOSX13.3.sdk -Wl,-search_paths_first -Wl,-headerpad_max_install_names CMakeFiles/cmTC_0be51.dir/src.cxx.o -o cmTC_0be51 


Source file was:
int main() { return 0; }
Performing C++ SOURCE FILE Test CXXFLAG_WWRITE_STRINGS_OKAY succeeded with the following output:
Change Dir: /Users/herbert/CLionProjects/final_project/cmake-build-debug/CMakeFiles/CMakeTmp

Run Build Command(s):/usr/bin/make -f Makefile cmTC_9e9a3/fast && /Library/Developer/CommandLineTools/usr/bin/make  -f CMakeFiles/cmTC_9e9a3.dir/build.make CMakeFiles/cmTC_9e9a3.dir/build
Building CXX object CMakeFiles/cmTC_9e9a3.dir/src.cxx.o
/Library/Developer/CommandLineTools/usr/bin/c++ -DCXXFLAG_WWRITE_STRINGS_OKAY  -arch arm64 -isysroot /Library/Developer/CommandLineTools/SDKs/MacOSX13.3.sdk   -Wwrite-strings -MD -MT CMakeFiles/cmTC_9e9a3.dir/src.cxx.o -MF CMakeFiles/cmTC_9e9a3.dir/src.cxx.o.d -o CMakeFiles/cmTC_9e9a3.dir/src.cxx.o -c /Users/herbert/CLionProjects/final_project/cmake-build-debug/CMakeFiles/CMakeTmp/src.cxx
Linking CXX executable cmTC_9e9a3
/Applications/CLion.app/Contents/bin/cmake/mac/bin/cmake -E cmake_link_script CMakeFiles/cmTC_9e9a3.dir/link.txt --verbose=1
/Library/Developer/CommandLineTools/usr/bin/c++  -arch arm64 -isysroot /Library/Developer/CommandLineTools/SDKs/MacOSX13.3.sdk -Wl,-search_paths_first -Wl,-headerpad_max_install_names CMakeFiles/cmTC_9e9a3.dir/src.cxx.o -o cmTC_9e9a3 


Source file was:
int main() { return 0; }
Performing C++ SOURCE FILE Test CXXFLAG_WERROR_BOOL_OPERATION_OKAY succeeded with the following output:
Change Dir: /Users/herbert/CLionProjects/final_project/cmake-build-debug/CMakeFiles/CMakeTmp

Run Build Command(s):/usr/bin/make -f Makefile cmTC_ec1c1/fast && /Library/Developer/CommandLineTools/usr/bin/make  -f CMakeFiles/cmTC_ec1c1.dir/build.make CMakeFiles/cmTC_ec1c1.dir/build
Building CXX object CMakeFiles/cmTC_ec1c1.dir/src.cxx.o
/Library/Developer/CommandLineTools/usr/bin/c++ -DCXXFLAG_WERROR_BOOL_OPERATION_OKAY  -arch arm64 -isysroot /Library/Developer/CommandLineTools/SDKs/MacOSX13.3.sdk   -Werror=bool-operation -MD -MT CMakeFiles/cmTC_ec1c1.dir/src.cxx.o -MF CMakeFiles/cmTC_ec1c1.dir/src.cxx.o.d -o CMakeFiles/cmTC_ec1c1.dir/src.cxx.o -c /Users/herbert/CLionProjects/final_project/cmake-build-debug/CMakeFiles/CMakeTmp/src.cxx
Linking CXX executable cmTC_ec1c1
/Applications/CLion.app/Contents/bin/cmake/mac/bin/cmake -E cmake_link_script CMakeFiles/cmTC_ec1c1.dir/link.txt --verbose=1
/Library/Developer/CommandLineTools/usr/bin/c++  -arch arm64 -isysroot /Library/Developer/CommandLineTools/SDKs/MacOSX13.3.sdk -Wl,-search_paths_first -Wl,-headerpad_max_install_names CMakeFiles/cmTC_ec1c1.dir/src.cxx.o -o cmTC_ec1c1 


Source file was:
int main() { return 0; }
Performing C++ SOURCE FILE Test CXXFLAG_WERROR_INT_TO_POINTER_CAST_OKAY succeeded with the following output:
Change Dir: /Users/herbert/CLionProjects/final_project/cmake-build-debug/CMakeFiles/CMakeTmp

Run Build Command(s):/usr/bin/make -f Makefile cmTC_5f5b8/fast && /Library/Developer/CommandLineTools/usr/bin/make  -f CMakeFiles/cmTC_5f5b8.dir/build.make CMakeFiles/cmTC_5f5b8.dir/build
Building CXX object CMakeFiles/cmTC_5f5b8.dir/src.cxx.o
/Library/Developer/CommandLineTools/usr/bin/c++ -DCXXFLAG_WERROR_INT_TO_POINTER_CAST_OKAY  -arch arm64 -isysroot /Library/Developer/CommandLineTools/SDKs/MacOSX13.3.sdk   -Werror=int-to-pointer-cast -MD -MT CMakeFiles/cmTC_5f5b8.dir/src.cxx.o -MF CMakeFiles/cmTC_5f5b8.dir/src.cxx.o.d -o CMakeFiles/cmTC_5f5b8.dir/src.cxx.o -c /Users/herbert/CLionProjects/final_project/cmake-build-debug/CMakeFiles/CMakeTmp/src.cxx
Linking CXX executable cmTC_5f5b8
/Applications/CLion.app/Contents/bin/cmake/mac/bin/cmake -E cmake_link_script CMakeFiles/cmTC_5f5b8.dir/link.txt --verbose=1
/Library/Developer/CommandLineTools/usr/bin/c++  -arch arm64 -isysroot /Library/Developer/CommandLineTools/SDKs/MacOSX13.3.sdk -Wl,-search_paths_first -Wl,-headerpad_max_install_names CMakeFiles/cmTC_5f5b8.dir/src.cxx.o -o cmTC_5f5b8 


Source file was:
int main() { return 0; }
Performing C++ SOURCE FILE Test CXXFLAG_WERROR_RETURN_TYPE_OKAY succeeded with the following output:
Change Dir: /Users/herbert/CLionProjects/final_project/cmake-build-debug/CMakeFiles/CMakeTmp

Run Build Command(s):/usr/bin/make -f Makefile cmTC_2d356/fast && /Library/Developer/CommandLineTools/usr/bin/make  -f CMakeFiles/cmTC_2d356.dir/build.make CMakeFiles/cmTC_2d356.dir/build
Building CXX object CMakeFiles/cmTC_2d356.dir/src.cxx.o
/Library/Developer/CommandLineTools/usr/bin/c++ -DCXXFLAG_WERROR_RETURN_TYPE_OKAY  -arch arm64 -isysroot /Library/Developer/CommandLineTools/SDKs/MacOSX13.3.sdk   -Werror=return-type -MD -MT CMakeFiles/cmTC_2d356.dir/src.cxx.o -MF CMakeFiles/cmTC_2d356.dir/src.cxx.o.d -o CMakeFiles/cmTC_2d356.dir/src.cxx.o -c /Users/herbert/CLionProjects/final_project/cmake-build-debug/CMakeFiles/CMakeTmp/src.cxx
Linking CXX executable cmTC_2d356
/Applications/CLion.app/Contents/bin/cmake/mac/bin/cmake -E cmake_link_script CMakeFiles/cmTC_2d356.dir/link.txt --verbose=1
/Library/Developer/CommandLineTools/usr/bin/c++  -arch arm64 -isysroot /Library/Developer/CommandLineTools/SDKs/MacOSX13.3.sdk -Wl,-search_paths_first -Wl,-headerpad_max_install_names CMakeFiles/cmTC_2d356.dir/src.cxx.o -o cmTC_2d356 


Source file was:
int main() { return 0; }
Performing C++ SOURCE FILE Test CXXFLAG_WERROR_UNINITIALIZED_OKAY succeeded with the following output:
Change Dir: /Users/herbert/CLionProjects/final_project/cmake-build-debug/CMakeFiles/CMakeTmp

Run Build Command(s):/usr/bin/make -f Makefile cmTC_a6500/fast && /Library/Developer/CommandLineTools/usr/bin/make  -f CMakeFiles/cmTC_a6500.dir/build.make CMakeFiles/cmTC_a6500.dir/build
Building CXX object CMakeFiles/cmTC_a6500.dir/src.cxx.o
/Library/Developer/CommandLineTools/usr/bin/c++ -DCXXFLAG_WERROR_UNINITIALIZED_OKAY  -arch arm64 -isysroot /Library/Developer/CommandLineTools/SDKs/MacOSX13.3.sdk   -Werror=uninitialized -MD -MT CMakeFiles/cmTC_a6500.dir/src.cxx.o -MF CMakeFiles/cmTC_a6500.dir/src.cxx.o.d -o CMakeFiles/cmTC_a6500.dir/src.cxx.o -c /Users/herbert/CLionProjects/final_project/cmake-build-debug/CMakeFiles/CMakeTmp/src.cxx
Linking CXX executable cmTC_a6500
/Applications/CLion.app/Contents/bin/cmake/mac/bin/cmake -E cmake_link_script CMakeFiles/cmTC_a6500.dir/link.txt --verbose=1
/Library/Developer/CommandLineTools/usr/bin/c++  -arch arm64 -isysroot /Library/Developer/CommandLineTools/SDKs/MacOSX13.3.sdk -Wl,-search_paths_first -Wl,-headerpad_max_install_names CMakeFiles/cmTC_a6500.dir/src.cxx.o -o cmTC_a6500 


Source file was:
int main() { return 0; }
Performing C++ SOURCE FILE Test LDFLAG_FSANITIZE_UNDEFINED_OKAY succeeded with the following output:
Change Dir: /Users/herbert/CLionProjects/final_project/cmake-build-debug/CMakeFiles/CMakeTmp

Run Build Command(s):/usr/bin/make -f Makefile cmTC_0af5d/fast && /Library/Developer/CommandLineTools/usr/bin/make  -f CMakeFiles/cmTC_0af5d.dir/build.make CMakeFiles/cmTC_0af5d.dir/build
Building CXX object CMakeFiles/cmTC_0af5d.dir/src.cxx.o
/Library/Developer/CommandLineTools/usr/bin/c++ -DLDFLAG_FSANITIZE_UNDEFINED_OKAY  -fsanitize=undefined  -arch arm64 -isysroot /Library/Developer/CommandLineTools/SDKs/MacOSX13.3.sdk -MD -MT CMakeFiles/cmTC_0af5d.dir/src.cxx.o -MF CMakeFiles/cmTC_0af5d.dir/src.cxx.o.d -o CMakeFiles/cmTC_0af5d.dir/src.cxx.o -c /Users/herbert/CLionProjects/final_project/cmake-build-debug/CMakeFiles/CMakeTmp/src.cxx
Linking CXX executable cmTC_0af5d
/Applications/CLion.app/Contents/bin/cmake/mac/bin/cmake -E cmake_link_script CMakeFiles/cmTC_0af5d.dir/link.txt --verbose=1
/Library/Developer/CommandLineTools/usr/bin/c++  -fsanitize=undefined  -arch arm64 -isysroot /Library/Developer/CommandLineTools/SDKs/MacOSX13.3.sdk -Wl,-search_paths_first -Wl,-headerpad_max_install_names CMakeFiles/cmTC_0af5d.dir/src.cxx.o -o cmTC_0af5d 


Source file was:
int main(){}
